c:\unreal projects\tellodronesimulator\source\thirdparty\dungeon\dungeon\x64\release\dungeon.pch
c:\unreal projects\tellodronesimulator\source\thirdparty\dungeon\dungeon\x64\release\dungeon.pdb
c:\unreal projects\tellodronesimulator\source\thirdparty\dungeon\dungeon\x64\release\stdafx.obj
c:\unreal projects\tellodronesimulator\source\thirdparty\dungeon\dungeon\x64\release\point.obj
c:\unreal projects\tellodronesimulator\source\thirdparty\dungeon\dungeon\x64\release\explorer.obj
c:\unreal projects\tellodronesimulator\source\thirdparty\dungeon\dungeon\x64\release\dungeon_core.obj
c:\unreal projects\tellodronesimulator\source\thirdparty\dungeon\dungeon\x64\release\dungeon.obj
c:\unreal projects\tellodronesimulator\source\thirdparty\dungeon\dungeon\x64\release\dllmain.obj
c:\unreal projects\tellodronesimulator\source\thirdparty\dungeon\x64\release\dungeon.ipdb
c:\unreal projects\tellodronesimulator\source\thirdparty\dungeon\x64\release\dungeon.iobj
c:\unreal projects\tellodronesimulator\source\thirdparty\dungeon\x64\release\dungeon.lib
c:\unreal projects\tellodronesimulator\source\thirdparty\dungeon\x64\release\dungeon.dll
c:\unreal projects\tellodronesimulator\source\thirdparty\dungeon\x64\release\dungeon.pdb
c:\unreal projects\tellodronesimulator\source\thirdparty\dungeon\dungeon\x64\release\vc141.pdb
c:\unreal projects\tellodronesimulator\source\thirdparty\dungeon\dungeon\x64\release\dungeon.tlog\cl.command.1.tlog
c:\unreal projects\tellodronesimulator\source\thirdparty\dungeon\dungeon\x64\release\dungeon.tlog\cl.read.1.tlog
c:\unreal projects\tellodronesimulator\source\thirdparty\dungeon\dungeon\x64\release\dungeon.tlog\cl.write.1.tlog
c:\unreal projects\tellodronesimulator\source\thirdparty\dungeon\dungeon\x64\release\dungeon.tlog\dungeon.write.1u.tlog
c:\unreal projects\tellodronesimulator\source\thirdparty\dungeon\dungeon\x64\release\dungeon.tlog\lib-link.read.1.tlog
c:\unreal projects\tellodronesimulator\source\thirdparty\dungeon\dungeon\x64\release\dungeon.tlog\lib-link.write.1.tlog
c:\unreal projects\tellodronesimulator\source\thirdparty\dungeon\dungeon\x64\release\dungeon.tlog\lib.command.1.tlog
c:\unreal projects\tellodronesimulator\source\thirdparty\dungeon\dungeon\x64\release\dungeon.tlog\link.command.1.tlog
c:\unreal projects\tellodronesimulator\source\thirdparty\dungeon\dungeon\x64\release\dungeon.tlog\link.read.1.tlog
c:\unreal projects\tellodronesimulator\source\thirdparty\dungeon\dungeon\x64\release\dungeon.tlog\link.write.1.tlog
